[server] Poker online running on port 3000
[connect] Tr5wn-PMIkEGjMgQAAAC
[connect] eRtXQTuJuYFhktCwAAAD
[disconnect] eRtXQTuJuYFhktCwAAAD
[disconnect] Tr5wn-PMIkEGjMgQAAAC
[connect] P7z7AK0V0LnEabj6AAAG
[connect] Q8J8cX4gb2dn-vplAAAH
[disconnect] P7z7AK0V0LnEabj6AAAG
[disconnect] Q8J8cX4gb2dn-vplAAAH
[connect] QLn9pqq1qESwYIFmAAAK
[connect] TnNrQZI7pJRwOmQSAAAL
[disconnect] QLn9pqq1qESwYIFmAAAK
[disconnect] TnNrQZI7pJRwOmQSAAAL
[connect] V6vrTVsboYKx74IiAAAO
[connect] V7hlIJ9ClMdeLfbYAAAP
[disconnect] V6vrTVsboYKx74IiAAAO
[disconnect] V7hlIJ9ClMdeLfbYAAAP
[connect] uBOl5bpqWJ1GH2SZAAAS
[connect] AI5jNjR4LA8hmUQWAAAT
[disconnect] uBOl5bpqWJ1GH2SZAAAS
[disconnect] AI5jNjR4LA8hmUQWAAAT
